{"/home/kupol/frontend-project-46/src/getDiff.js": {"path":"/home/kupol/frontend-project-46/src/getDiff.js","all":false,"statementMap":{"0":{"start":{"line":1,"column":0},"end":{"line":1,"column":23}},"1":{"start":{"line":2,"column":0},"end":{"line":2,"column":0}},"2":{"start":{"line":3,"column":0},"end":{"line":3,"column":35}},"3":{"start":{"line":4,"column":0},"end":{"line":4,"column":35}},"4":{"start":{"line":5,"column":0},"end":{"line":5,"column":35}},"5":{"start":{"line":6,"column":0},"end":{"line":6,"column":35}},"6":{"start":{"line":7,"column":0},"end":{"line":7,"column":24}},"7":{"start":{"line":8,"column":0},"end":{"line":8,"column":0}},"8":{"start":{"line":9,"column":0},"end":{"line":9,"column":36}},"9":{"start":{"line":10,"column":0},"end":{"line":10,"column":49}},"10":{"start":{"line":11,"column":0},"end":{"line":11,"column":38}},"11":{"start":{"line":12,"column":0},"end":{"line":12,"column":41}},"12":{"start":{"line":13,"column":0},"end":{"line":13,"column":7}},"13":{"start":{"line":14,"column":0},"end":{"line":14,"column":68}},"14":{"start":{"line":15,"column":0},"end":{"line":15,"column":54}},"15":{"start":{"line":16,"column":0},"end":{"line":16,"column":39}},"16":{"start":{"line":17,"column":0},"end":{"line":17,"column":39}},"17":{"start":{"line":18,"column":0},"end":{"line":18,"column":5}},"18":{"start":{"line":19,"column":0},"end":{"line":19,"column":28}},"19":{"start":{"line":20,"column":0},"end":{"line":20,"column":39}},"20":{"start":{"line":21,"column":0},"end":{"line":21,"column":2}},"21":{"start":{"line":22,"column":0},"end":{"line":22,"column":0}},"22":{"start":{"line":23,"column":0},"end":{"line":23,"column":23}}},"s":{"0":1,"1":1,"2":1,"3":1,"4":1,"5":1,"6":1,"7":1,"8":1,"9":5,"10":2,"11":1,"12":1,"13":1,"14":5,"15":2,"16":5,"17":1,"18":1,"19":1,"20":1,"21":1,"22":1},"branchMap":{"0":{"type":"branch","line":3,"loc":{"start":{"line":3,"column":16},"end":{"line":21,"column":2}},"locations":[{"start":{"line":3,"column":16},"end":{"line":21,"column":2}}]},"1":{"type":"branch","line":9,"loc":{"start":{"line":9,"column":27},"end":{"line":18,"column":3}},"locations":[{"start":{"line":9,"column":27},"end":{"line":18,"column":3}}]},"2":{"type":"branch","line":10,"loc":{"start":{"line":10,"column":25},"end":{"line":10,"column":46}},"locations":[{"start":{"line":10,"column":25},"end":{"line":10,"column":46}}]},"3":{"type":"branch","line":10,"loc":{"start":{"line":10,"column":48},"end":{"line":15,"column":6}},"locations":[{"start":{"line":10,"column":48},"end":{"line":15,"column":6}}]},"4":{"type":"branch","line":11,"loc":{"start":{"line":11,"column":37},"end":{"line":15,"column":6}},"locations":[{"start":{"line":11,"column":37},"end":{"line":15,"column":6}}]},"5":{"type":"branch","line":15,"loc":{"start":{"line":15,"column":4},"end":{"line":15,"column":31}},"locations":[{"start":{"line":15,"column":4},"end":{"line":15,"column":31}}]},"6":{"type":"branch","line":15,"loc":{"start":{"line":15,"column":27},"end":{"line":15,"column":51}},"locations":[{"start":{"line":15,"column":27},"end":{"line":15,"column":51}}]},"7":{"type":"branch","line":15,"loc":{"start":{"line":15,"column":53},"end":{"line":17,"column":6}},"locations":[{"start":{"line":15,"column":53},"end":{"line":17,"column":6}}]},"8":{"type":"branch","line":17,"loc":{"start":{"line":17,"column":4},"end":{"line":18,"column":3}},"locations":[{"start":{"line":17,"column":4},"end":{"line":18,"column":3}}]}},"b":{"0":[1],"1":[5],"2":[4],"3":[2],"4":[1],"5":[3],"6":[2],"7":[2],"8":[1]},"fnMap":{"0":{"name":"genDiff","decl":{"start":{"line":3,"column":16},"end":{"line":21,"column":2}},"loc":{"start":{"line":3,"column":16},"end":{"line":21,"column":2}},"line":3}},"f":{"0":1}}
}
